;  LST file generated by mikroListExporter - v.2.0 
; Date/Time: 8/1/2023 12:20:16 AM
;----------------------------------------------

;Address Opcode 	ASM
0x0000	0x2826      	GOTO       38
_____DoICP:
;__Lib_System.c,6 :: 		
;__Lib_System.c,9 :: 		
0x0003	0x1283      	BCF        STATUS, 5
0x0004	0x1303      	BCF        STATUS, 6
0x0005	0x085F      	MOVF       ___DoICPAddr+1, 0
0x0006	0x008A      	MOVWF      PCLATH
;__Lib_System.c,10 :: 		
0x0007	0x085E      	MOVF       ___DoICPAddr, 0
0x0008	0x0082      	MOVWF      PCL
;__Lib_System.c,12 :: 		
L_end_____DoICP:
0x0009	0x0008      	RETURN
; end of _____DoICP
___CC2DW:
;__Lib_System.c,134 :: 		
;__Lib_System.c,137 :: 		
_CC2D_Loop1:
;__Lib_System.c,139 :: 		
0x000A	0x2003      	CALL       _____DoICP
0x000B	0x118A      	BCF        PCLATH, 3
0x000C	0x120A      	BCF        PCLATH, 4
;__Lib_System.c,141 :: 		
0x000D	0x0080      	MOVWF      INDF
;__Lib_System.c,142 :: 		
0x000E	0x0A84      	INCF       FSR, 1
;__Lib_System.c,143 :: 		
0x000F	0x0ADE      	INCF       ___DoICPAddr, 1
;__Lib_System.c,145 :: 		
0x0010	0x1903      	BTFSC      STATUS, 2
;__Lib_System.c,146 :: 		
0x0011	0x0ADF      	INCF       ___DoICPAddr+1, 1
;__Lib_System.c,147 :: 		
0x0012	0x03F0      	DECF       R0, 1
;__Lib_System.c,149 :: 		
0x0013	0x1D03      	BTFSS      STATUS, 2
;__Lib_System.c,150 :: 		
0x0014	0x280A      	GOTO       _CC2D_Loop1
;__Lib_System.c,152 :: 		
L_end___CC2DW:
0x0015	0x0008      	RETURN
; end of ___CC2DW
_start:
;MyProject.c,4 :: 		void start()
;MyProject.c,6 :: 		trisc=0 ;
0x0016	0x1683      	BSF        STATUS, 5
0x0017	0x1303      	BCF        STATUS, 6
0x0018	0x0187      	CLRF       TRISC
;MyProject.c,7 :: 		portc=0 ;
0x0019	0x1283      	BCF        STATUS, 5
0x001A	0x0187      	CLRF       PORTC
;MyProject.c,8 :: 		trisd =0 ;
0x001B	0x1683      	BSF        STATUS, 5
0x001C	0x0188      	CLRF       TRISD
;MyProject.c,9 :: 		portd=0 ;
0x001D	0x1283      	BCF        STATUS, 5
0x001E	0x0188      	CLRF       PORTD
;MyProject.c,10 :: 		trisa.f4=1 ;
0x001F	0x1683      	BSF        STATUS, 5
0x0020	0x1605      	BSF        TRISA, 4
;MyProject.c,11 :: 		trisb=0b00000001 ;
0x0021	0x3001      	MOVLW      1
0x0022	0x0086      	MOVWF      TRISB
;MyProject.c,12 :: 		portb =0 ;
0x0023	0x1283      	BCF        STATUS, 5
0x0024	0x0186      	CLRF       PORTB
;MyProject.c,13 :: 		}
L_end_start:
0x0025	0x0008      	RETURN
; end of _start
_main:
0x0026	0x2296      	CALL       662
;MyProject.c,14 :: 		void main() {
;MyProject.c,15 :: 		start() ;
0x0027	0x2016      	CALL       _start
;MyProject.c,16 :: 		while(1)
L_main0:
;MyProject.c,18 :: 		while (porta.f4)
L_main2:
0x0028	0x1E05      	BTFSS      PORTA, 4
0x0029	0x28E2      	GOTO       L_main3
;MyProject.c,20 :: 		portb.f1=1 ;
0x002A	0x1486      	BSF        PORTB, 1
;MyProject.c,21 :: 		if(i==20 && j==23)
0x002B	0x3000      	MOVLW      0
0x002C	0x0621      	XORWF      _i+1, 0
0x002D	0x1D03      	BTFSS      STATUS, 2
0x002E	0x2831      	GOTO       L__main69
0x002F	0x3014      	MOVLW      20
0x0030	0x0620      	XORWF      _i, 0
L__main69:
0x0031	0x1D03      	BTFSS      STATUS, 2
0x0032	0x283F      	GOTO       L_main6
0x0033	0x3000      	MOVLW      0
0x0034	0x0623      	XORWF      _j+1, 0
0x0035	0x1D03      	BTFSS      STATUS, 2
0x0036	0x2839      	GOTO       L__main70
0x0037	0x3017      	MOVLW      23
0x0038	0x0622      	XORWF      _j, 0
L__main70:
0x0039	0x1D03      	BTFSS      STATUS, 2
0x003A	0x283F      	GOTO       L_main6
L__main66:
;MyProject.c,23 :: 		portb=0 ;
0x003B	0x0186      	CLRF       PORTB
;MyProject.c,24 :: 		portb.f1=1 ;
0x003C	0x1486      	BSF        PORTB, 1
;MyProject.c,25 :: 		portb.f4=1 ;
0x003D	0x1606      	BSF        PORTB, 4
;MyProject.c,26 :: 		portb.f5=1 ;
0x003E	0x1686      	BSF        PORTB, 5
;MyProject.c,27 :: 		}
L_main6:
;MyProject.c,29 :: 		x=0 ;
0x003F	0x01A4      	CLRF       _x
0x0040	0x01A5      	CLRF       _x+1
;MyProject.c,30 :: 		zz=0 ;
0x0041	0x01AC      	CLRF       _zz
0x0042	0x01AD      	CLRF       _zz+1
;MyProject.c,31 :: 		portc =arr[i] ;
0x0043	0x0820      	MOVF       _i, 0
0x0044	0x00F0      	MOVWF      R0
0x0045	0x0821      	MOVF       _i+1, 0
0x0046	0x00F1      	MOVWF      R0+1
0x0047	0x0DF0      	RLF        R0, 1
0x0048	0x0DF1      	RLF        R0+1, 1
0x0049	0x1070      	BCF        R0, 0
0x004A	0x0870      	MOVF       R0, 0
0x004B	0x3E2E      	ADDLW      _arr
0x004C	0x0084      	MOVWF      FSR
0x004D	0x0800      	MOVF       INDF, 0
0x004E	0x0087      	MOVWF      PORTC
;MyProject.c,32 :: 		portd =arr[j] ;
0x004F	0x0822      	MOVF       _j, 0
0x0050	0x00F0      	MOVWF      R0
0x0051	0x0823      	MOVF       _j+1, 0
0x0052	0x00F1      	MOVWF      R0+1
0x0053	0x0DF0      	RLF        R0, 1
0x0054	0x0DF1      	RLF        R0+1, 1
0x0055	0x1070      	BCF        R0, 0
0x0056	0x0870      	MOVF       R0, 0
0x0057	0x3E2E      	ADDLW      _arr
0x0058	0x0084      	MOVWF      FSR
0x0059	0x0800      	MOVF       INDF, 0
0x005A	0x0088      	MOVWF      PORTD
;MyProject.c,33 :: 		ds ; // delay
0x005B	0x300B      	MOVLW      11
0x005C	0x00FB      	MOVWF      R11
0x005D	0x3026      	MOVLW      38
0x005E	0x00FC      	MOVWF      R12
0x005F	0x305D      	MOVLW      93
0x0060	0x00FD      	MOVWF      R13
L_main7:
0x0061	0x0BFD      	DECFSZ     R13, 1
0x0062	0x2861      	GOTO       L_main7
0x0063	0x0BFC      	DECFSZ     R12, 1
0x0064	0x2861      	GOTO       L_main7
0x0065	0x0BFB      	DECFSZ     R11, 1
0x0066	0x2861      	GOTO       L_main7
0x0067	0x0000      	NOP
0x0068	0x0000      	NOP
;MyProject.c,34 :: 		i-- ;
0x0069	0x3001      	MOVLW      1
0x006A	0x02A0      	SUBWF      _i, 1
0x006B	0x1C03      	BTFSS      STATUS, 0
0x006C	0x03A1      	DECF       _i+1, 1
;MyProject.c,35 :: 		j-- ;
0x006D	0x3001      	MOVLW      1
0x006E	0x02A2      	SUBWF      _j, 1
0x006F	0x1C03      	BTFSS      STATUS, 0
0x0070	0x03A3      	DECF       _j+1, 1
;MyProject.c,37 :: 		if(i==0)
0x0071	0x3000      	MOVLW      0
0x0072	0x0621      	XORWF      _i+1, 0
0x0073	0x1D03      	BTFSS      STATUS, 2
0x0074	0x2877      	GOTO       L__main71
0x0075	0x3000      	MOVLW      0
0x0076	0x0620      	XORWF      _i, 0
L__main71:
0x0077	0x1D03      	BTFSS      STATUS, 2
0x0078	0x28A9      	GOTO       L_main8
;MyProject.c,39 :: 		if(c1==0 )
0x0079	0x3000      	MOVLW      0
0x007A	0x0629      	XORWF      _c1+1, 0
0x007B	0x1D03      	BTFSS      STATUS, 2
0x007C	0x287F      	GOTO       L__main72
0x007D	0x3000      	MOVLW      0
0x007E	0x0628      	XORWF      _c1, 0
L__main72:
0x007F	0x1D03      	BTFSS      STATUS, 2
0x0080	0x288C      	GOTO       L_main9
;MyProject.c,41 :: 		c1++ ; ;
0x0081	0x0AA8      	INCF       _c1, 1
0x0082	0x1903      	BTFSC      STATUS, 2
0x0083	0x0AA9      	INCF       _c1+1, 1
;MyProject.c,42 :: 		i=3 ;
0x0084	0x3003      	MOVLW      3
0x0085	0x00A0      	MOVWF      _i
0x0086	0x3000      	MOVLW      0
0x0087	0x00A1      	MOVWF      _i+1
;MyProject.c,43 :: 		portb.f3=1 ;
0x0088	0x1586      	BSF        PORTB, 3
;MyProject.c,44 :: 		portb.f4=0 ;
0x0089	0x1206      	BCF        PORTB, 4
;MyProject.c,45 :: 		portb.f2=0 ;
0x008A	0x1106      	BCF        PORTB, 2
;MyProject.c,46 :: 		}
0x008B	0x28A9      	GOTO       L_main10
L_main9:
;MyProject.c,47 :: 		else if(c1==1)
0x008C	0x3000      	MOVLW      0
0x008D	0x0629      	XORWF      _c1+1, 0
0x008E	0x1D03      	BTFSS      STATUS, 2
0x008F	0x2892      	GOTO       L__main73
0x0090	0x3001      	MOVLW      1
0x0091	0x0628      	XORWF      _c1, 0
L__main73:
0x0092	0x1D03      	BTFSS      STATUS, 2
0x0093	0x28A0      	GOTO       L_main11
;MyProject.c,49 :: 		c1=2 ;
0x0094	0x3002      	MOVLW      2
0x0095	0x00A8      	MOVWF      _c1
0x0096	0x3000      	MOVLW      0
0x0097	0x00A9      	MOVWF      _c1+1
;MyProject.c,50 :: 		i=15 ;
0x0098	0x300F      	MOVLW      15
0x0099	0x00A0      	MOVWF      _i
0x009A	0x3000      	MOVLW      0
0x009B	0x00A1      	MOVWF      _i+1
;MyProject.c,51 :: 		portb.f3=0 ;
0x009C	0x1186      	BCF        PORTB, 3
;MyProject.c,52 :: 		portb.f4=0 ;
0x009D	0x1206      	BCF        PORTB, 4
;MyProject.c,53 :: 		portb.f2=1 ;
0x009E	0x1506      	BSF        PORTB, 2
;MyProject.c,54 :: 		}
0x009F	0x28A9      	GOTO       L_main12
L_main11:
;MyProject.c,57 :: 		c1=0 ;
0x00A0	0x01A8      	CLRF       _c1
0x00A1	0x01A9      	CLRF       _c1+1
;MyProject.c,58 :: 		i=20 ;
0x00A2	0x3014      	MOVLW      20
0x00A3	0x00A0      	MOVWF      _i
0x00A4	0x3000      	MOVLW      0
0x00A5	0x00A1      	MOVWF      _i+1
;MyProject.c,59 :: 		portb.f3=0 ;
0x00A6	0x1186      	BCF        PORTB, 3
;MyProject.c,60 :: 		portb.f4=1 ;
0x00A7	0x1606      	BSF        PORTB, 4
;MyProject.c,61 :: 		portb.f2=0 ;
0x00A8	0x1106      	BCF        PORTB, 2
;MyProject.c,62 :: 		}
L_main12:
L_main10:
;MyProject.c,63 :: 		}
L_main8:
;MyProject.c,65 :: 		if(j==0)
0x00A9	0x3000      	MOVLW      0
0x00AA	0x0623      	XORWF      _j+1, 0
0x00AB	0x1D03      	BTFSS      STATUS, 2
0x00AC	0x28AF      	GOTO       L__main74
0x00AD	0x3000      	MOVLW      0
0x00AE	0x0622      	XORWF      _j, 0
L__main74:
0x00AF	0x1D03      	BTFSS      STATUS, 2
0x00B0	0x28E1      	GOTO       L_main13
;MyProject.c,67 :: 		if(c2==0 )
0x00B1	0x3000      	MOVLW      0
0x00B2	0x062B      	XORWF      _c2+1, 0
0x00B3	0x1D03      	BTFSS      STATUS, 2
0x00B4	0x28B7      	GOTO       L__main75
0x00B5	0x3000      	MOVLW      0
0x00B6	0x062A      	XORWF      _c2, 0
L__main75:
0x00B7	0x1D03      	BTFSS      STATUS, 2
0x00B8	0x28C4      	GOTO       L_main14
;MyProject.c,69 :: 		c2++ ; ;
0x00B9	0x0AAA      	INCF       _c2, 1
0x00BA	0x1903      	BTFSC      STATUS, 2
0x00BB	0x0AAB      	INCF       _c2+1, 1
;MyProject.c,70 :: 		j=3 ;
0x00BC	0x3003      	MOVLW      3
0x00BD	0x00A2      	MOVWF      _j
0x00BE	0x3000      	MOVLW      0
0x00BF	0x00A3      	MOVWF      _j+1
;MyProject.c,71 :: 		portb.f6=1 ;
0x00C0	0x1706      	BSF        PORTB, 6
;MyProject.c,72 :: 		portb.f7=0 ;
0x00C1	0x1386      	BCF        PORTB, 7
;MyProject.c,73 :: 		portb.f5 =0 ;
0x00C2	0x1286      	BCF        PORTB, 5
;MyProject.c,74 :: 		}
0x00C3	0x28E1      	GOTO       L_main15
L_main14:
;MyProject.c,75 :: 		else if(c2==1)
0x00C4	0x3000      	MOVLW      0
0x00C5	0x062B      	XORWF      _c2+1, 0
0x00C6	0x1D03      	BTFSS      STATUS, 2
0x00C7	0x28CA      	GOTO       L__main76
0x00C8	0x3001      	MOVLW      1
0x00C9	0x062A      	XORWF      _c2, 0
L__main76:
0x00CA	0x1D03      	BTFSS      STATUS, 2
0x00CB	0x28D8      	GOTO       L_main16
;MyProject.c,77 :: 		c2=2 ;
0x00CC	0x3002      	MOVLW      2
0x00CD	0x00AA      	MOVWF      _c2
0x00CE	0x3000      	MOVLW      0
0x00CF	0x00AB      	MOVWF      _c2+1
;MyProject.c,78 :: 		j=23 ;
0x00D0	0x3017      	MOVLW      23
0x00D1	0x00A2      	MOVWF      _j
0x00D2	0x3000      	MOVLW      0
0x00D3	0x00A3      	MOVWF      _j+1
;MyProject.c,79 :: 		portb.f6=0 ;
0x00D4	0x1306      	BCF        PORTB, 6
;MyProject.c,80 :: 		portb.f7=0 ;
0x00D5	0x1386      	BCF        PORTB, 7
;MyProject.c,81 :: 		portb.f5 =1 ;
0x00D6	0x1686      	BSF        PORTB, 5
;MyProject.c,82 :: 		}
0x00D7	0x28E1      	GOTO       L_main17
L_main16:
;MyProject.c,85 :: 		c2=0 ;
0x00D8	0x01AA      	CLRF       _c2
0x00D9	0x01AB      	CLRF       _c2+1
;MyProject.c,86 :: 		j=12 ;
0x00DA	0x300C      	MOVLW      12
0x00DB	0x00A2      	MOVWF      _j
0x00DC	0x3000      	MOVLW      0
0x00DD	0x00A3      	MOVWF      _j+1
;MyProject.c,87 :: 		portb.f6=0 ;
0x00DE	0x1306      	BCF        PORTB, 6
;MyProject.c,88 :: 		portb.f7=1 ;
0x00DF	0x1786      	BSF        PORTB, 7
;MyProject.c,89 :: 		portb.f5 =0 ;
0x00E0	0x1286      	BCF        PORTB, 5
;MyProject.c,90 :: 		}
L_main17:
L_main15:
;MyProject.c,91 :: 		}
L_main13:
;MyProject.c,92 :: 		}
0x00E1	0x2828      	GOTO       L_main2
L_main3:
;MyProject.c,94 :: 		if(portb.f3==1)
0x00E2	0x1D86      	BTFSS      PORTB, 3
0x00E3	0x291F      	GOTO       L_main18
;MyProject.c,96 :: 		while(i)
L_main19:
0x00E4	0x0820      	MOVF       _i, 0
0x00E5	0x0421      	IORWF      _i+1, 0
0x00E6	0x1903      	BTFSC      STATUS, 2
0x00E7	0x290C      	GOTO       L_main20
;MyProject.c,98 :: 		portc =arr[i] ;
0x00E8	0x0820      	MOVF       _i, 0
0x00E9	0x00F0      	MOVWF      R0
0x00EA	0x0821      	MOVF       _i+1, 0
0x00EB	0x00F1      	MOVWF      R0+1
0x00EC	0x0DF0      	RLF        R0, 1
0x00ED	0x0DF1      	RLF        R0+1, 1
0x00EE	0x1070      	BCF        R0, 0
0x00EF	0x302E      	MOVLW      _arr
0x00F0	0x07F0      	ADDWF      R0, 1
0x00F1	0x0870      	MOVF       R0, 0
0x00F2	0x0084      	MOVWF      FSR
0x00F3	0x0800      	MOVF       INDF, 0
0x00F4	0x0087      	MOVWF      PORTC
;MyProject.c,99 :: 		portd =arr[i] ;
0x00F5	0x0870      	MOVF       R0, 0
0x00F6	0x0084      	MOVWF      FSR
0x00F7	0x0800      	MOVF       INDF, 0
0x00F8	0x0088      	MOVWF      PORTD
;MyProject.c,100 :: 		i-- ;
0x00F9	0x3001      	MOVLW      1
0x00FA	0x02A0      	SUBWF      _i, 1
0x00FB	0x1C03      	BTFSS      STATUS, 0
0x00FC	0x03A1      	DECF       _i+1, 1
;MyProject.c,101 :: 		ds ;
0x00FD	0x300B      	MOVLW      11
0x00FE	0x00FB      	MOVWF      R11
0x00FF	0x3026      	MOVLW      38
0x0100	0x00FC      	MOVWF      R12
0x0101	0x305D      	MOVLW      93
0x0102	0x00FD      	MOVWF      R13
L_main21:
0x0103	0x0BFD      	DECFSZ     R13, 1
0x0104	0x2903      	GOTO       L_main21
0x0105	0x0BFC      	DECFSZ     R12, 1
0x0106	0x2903      	GOTO       L_main21
0x0107	0x0BFB      	DECFSZ     R11, 1
0x0108	0x2903      	GOTO       L_main21
0x0109	0x0000      	NOP
0x010A	0x0000      	NOP
;MyProject.c,102 :: 		}
0x010B	0x28E4      	GOTO       L_main19
L_main20:
;MyProject.c,103 :: 		portb.f3 =0 ;
0x010C	0x1186      	BCF        PORTB, 3
;MyProject.c,104 :: 		portb.f5 =0 ;
0x010D	0x1286      	BCF        PORTB, 5
;MyProject.c,105 :: 		portb.f4 =0 ;
0x010E	0x1206      	BCF        PORTB, 4
;MyProject.c,106 :: 		portb.f2=1 ;
0x010F	0x1506      	BSF        PORTB, 2
;MyProject.c,107 :: 		portb.f7=1 ;
0x0110	0x1786      	BSF        PORTB, 7
;MyProject.c,108 :: 		i= 15 ; j =12 ;
0x0111	0x300F      	MOVLW      15
0x0112	0x00A0      	MOVWF      _i
0x0113	0x3000      	MOVLW      0
0x0114	0x00A1      	MOVWF      _i+1
0x0115	0x300C      	MOVLW      12
0x0116	0x00A2      	MOVWF      _j
0x0117	0x3000      	MOVLW      0
0x0118	0x00A3      	MOVWF      _j+1
;MyProject.c,109 :: 		c1=2 ; c2=0 ;
0x0119	0x3002      	MOVLW      2
0x011A	0x00A8      	MOVWF      _c1
0x011B	0x3000      	MOVLW      0
0x011C	0x00A9      	MOVWF      _c1+1
0x011D	0x01AA      	CLRF       _c2
0x011E	0x01AB      	CLRF       _c2+1
;MyProject.c,110 :: 		}
L_main18:
;MyProject.c,111 :: 		if(portb.f6==1)
0x011F	0x1F06      	BTFSS      PORTB, 6
0x0120	0x295C      	GOTO       L_main22
;MyProject.c,113 :: 		while(j)
L_main23:
0x0121	0x0822      	MOVF       _j, 0
0x0122	0x0423      	IORWF      _j+1, 0
0x0123	0x1903      	BTFSC      STATUS, 2
0x0124	0x2949      	GOTO       L_main24
;MyProject.c,115 :: 		portc =arr[j] ;
0x0125	0x0822      	MOVF       _j, 0
0x0126	0x00F0      	MOVWF      R0
0x0127	0x0823      	MOVF       _j+1, 0
0x0128	0x00F1      	MOVWF      R0+1
0x0129	0x0DF0      	RLF        R0, 1
0x012A	0x0DF1      	RLF        R0+1, 1
0x012B	0x1070      	BCF        R0, 0
0x012C	0x302E      	MOVLW      _arr
0x012D	0x07F0      	ADDWF      R0, 1
0x012E	0x0870      	MOVF       R0, 0
0x012F	0x0084      	MOVWF      FSR
0x0130	0x0800      	MOVF       INDF, 0
0x0131	0x0087      	MOVWF      PORTC
;MyProject.c,116 :: 		portd =arr[j] ;
0x0132	0x0870      	MOVF       R0, 0
0x0133	0x0084      	MOVWF      FSR
0x0134	0x0800      	MOVF       INDF, 0
0x0135	0x0088      	MOVWF      PORTD
;MyProject.c,117 :: 		j-- ;
0x0136	0x3001      	MOVLW      1
0x0137	0x02A2      	SUBWF      _j, 1
0x0138	0x1C03      	BTFSS      STATUS, 0
0x0139	0x03A3      	DECF       _j+1, 1
;MyProject.c,118 :: 		ds ;
0x013A	0x300B      	MOVLW      11
0x013B	0x00FB      	MOVWF      R11
0x013C	0x3026      	MOVLW      38
0x013D	0x00FC      	MOVWF      R12
0x013E	0x305D      	MOVLW      93
0x013F	0x00FD      	MOVWF      R13
L_main25:
0x0140	0x0BFD      	DECFSZ     R13, 1
0x0141	0x2940      	GOTO       L_main25
0x0142	0x0BFC      	DECFSZ     R12, 1
0x0143	0x2940      	GOTO       L_main25
0x0144	0x0BFB      	DECFSZ     R11, 1
0x0145	0x2940      	GOTO       L_main25
0x0146	0x0000      	NOP
0x0147	0x0000      	NOP
;MyProject.c,119 :: 		}
0x0148	0x2921      	GOTO       L_main23
L_main24:
;MyProject.c,120 :: 		portb.f5=1 ;
0x0149	0x1686      	BSF        PORTB, 5
;MyProject.c,121 :: 		portb.f4=1 ;
0x014A	0x1606      	BSF        PORTB, 4
;MyProject.c,122 :: 		portb.f6=0 ;
0x014B	0x1306      	BCF        PORTB, 6
;MyProject.c,123 :: 		portb.f2=0 ;
0x014C	0x1106      	BCF        PORTB, 2
;MyProject.c,124 :: 		portb.f7=0 ;
0x014D	0x1386      	BCF        PORTB, 7
;MyProject.c,125 :: 		i= 20 ; j =23 ;
0x014E	0x3014      	MOVLW      20
0x014F	0x00A0      	MOVWF      _i
0x0150	0x3000      	MOVLW      0
0x0151	0x00A1      	MOVWF      _i+1
0x0152	0x3017      	MOVLW      23
0x0153	0x00A2      	MOVWF      _j
0x0154	0x3000      	MOVLW      0
0x0155	0x00A3      	MOVWF      _j+1
;MyProject.c,126 :: 		c1=0 ; c2=2 ;
0x0156	0x01A8      	CLRF       _c1
0x0157	0x01A9      	CLRF       _c1+1
0x0158	0x3002      	MOVLW      2
0x0159	0x00AA      	MOVWF      _c2
0x015A	0x3000      	MOVLW      0
0x015B	0x00AB      	MOVWF      _c2+1
;MyProject.c,127 :: 		}
L_main22:
;MyProject.c,128 :: 		while(!porta.f4)
L_main26:
0x015C	0x1A05      	BTFSC      PORTA, 4
0x015D	0x2A50      	GOTO       L_main27
;MyProject.c,130 :: 		portb.f1=0 ;
0x015E	0x1086      	BCF        PORTB, 1
;MyProject.c,131 :: 		if(portb.f4==1 && portb.f5==1) x= 2 ;
0x015F	0x1E06      	BTFSS      PORTB, 4
0x0160	0x2967      	GOTO       L_main30
0x0161	0x1E86      	BTFSS      PORTB, 5
0x0162	0x2967      	GOTO       L_main30
L__main65:
0x0163	0x3002      	MOVLW      2
0x0164	0x00A4      	MOVWF      _x
0x0165	0x3000      	MOVLW      0
0x0166	0x00A5      	MOVWF      _x+1
L_main30:
;MyProject.c,132 :: 		if(portb.f2==1 && portb.f7==1) x= 1 ;
0x0167	0x1D06      	BTFSS      PORTB, 2
0x0168	0x296F      	GOTO       L_main33
0x0169	0x1F86      	BTFSS      PORTB, 7
0x016A	0x296F      	GOTO       L_main33
L__main64:
0x016B	0x3001      	MOVLW      1
0x016C	0x00A4      	MOVWF      _x
0x016D	0x3000      	MOVLW      0
0x016E	0x00A5      	MOVWF      _x+1
L_main33:
;MyProject.c,133 :: 		if(x==0)
0x016F	0x3000      	MOVLW      0
0x0170	0x0625      	XORWF      _x+1, 0
0x0171	0x1D03      	BTFSS      STATUS, 2
0x0172	0x2975      	GOTO       L__main77
0x0173	0x3000      	MOVLW      0
0x0174	0x0624      	XORWF      _x, 0
L__main77:
0x0175	0x1D03      	BTFSS      STATUS, 2
0x0176	0x2981      	GOTO       L_main34
;MyProject.c,135 :: 		portb.f2=0 ; portb.f5=1 ;
0x0177	0x1106      	BCF        PORTB, 2
0x0178	0x1686      	BSF        PORTB, 5
;MyProject.c,136 :: 		portb.f3=0 ; portb.f6=0 ;
0x0179	0x1186      	BCF        PORTB, 3
0x017A	0x1306      	BCF        PORTB, 6
;MyProject.c,137 :: 		portb.f4=1 ; portb.f7=0 ;
0x017B	0x1606      	BSF        PORTB, 4
0x017C	0x1386      	BCF        PORTB, 7
;MyProject.c,138 :: 		x=2 ;
0x017D	0x3002      	MOVLW      2
0x017E	0x00A4      	MOVWF      _x
0x017F	0x3000      	MOVLW      0
0x0180	0x00A5      	MOVWF      _x+1
;MyProject.c,139 :: 		}
L_main34:
;MyProject.c,140 :: 		while(portb.f0==1 && porta.f4==0) ;
L_main35:
0x0181	0x1C06      	BTFSS      PORTB, 0
0x0182	0x2986      	GOTO       L_main36
0x0183	0x1A05      	BTFSC      PORTA, 4
0x0184	0x2986      	GOTO       L_main36
L__main63:
0x0185	0x2981      	GOTO       L_main35
L_main36:
;MyProject.c,141 :: 		x++ ;
0x0186	0x0AA4      	INCF       _x, 1
0x0187	0x1903      	BTFSC      STATUS, 2
0x0188	0x0AA5      	INCF       _x+1, 1
;MyProject.c,142 :: 		if(x>2) x=1 ;
0x0189	0x3080      	MOVLW      128
0x018A	0x00F0      	MOVWF      R0
0x018B	0x3080      	MOVLW      128
0x018C	0x0625      	XORWF      _x+1, 0
0x018D	0x0270      	SUBWF      R0, 0
0x018E	0x1D03      	BTFSS      STATUS, 2
0x018F	0x2992      	GOTO       L__main78
0x0190	0x0824      	MOVF       _x, 0
0x0191	0x3C02      	SUBLW      2
L__main78:
0x0192	0x1803      	BTFSC      STATUS, 0
0x0193	0x2998      	GOTO       L_main39
0x0194	0x3001      	MOVLW      1
0x0195	0x00A4      	MOVWF      _x
0x0196	0x3000      	MOVLW      0
0x0197	0x00A5      	MOVWF      _x+1
L_main39:
;MyProject.c,143 :: 		zz=1 ;
0x0198	0x3001      	MOVLW      1
0x0199	0x00AC      	MOVWF      _zz
0x019A	0x3000      	MOVLW      0
0x019B	0x00AD      	MOVWF      _zz+1
;MyProject.c,144 :: 		while(portb.f0==0 && porta.f4==0) ;
L_main40:
0x019C	0x1806      	BTFSC      PORTB, 0
0x019D	0x29A1      	GOTO       L_main41
0x019E	0x1A05      	BTFSC      PORTA, 4
0x019F	0x29A1      	GOTO       L_main41
L__main62:
0x01A0	0x299C      	GOTO       L_main40
L_main41:
;MyProject.c,145 :: 		if(porta.f4) break ;
0x01A1	0x1E05      	BTFSS      PORTA, 4
0x01A2	0x29A4      	GOTO       L_main44
0x01A3	0x2A50      	GOTO       L_main27
L_main44:
;MyProject.c,147 :: 		if(x==1 && zz==1)
0x01A4	0x3000      	MOVLW      0
0x01A5	0x0625      	XORWF      _x+1, 0
0x01A6	0x1D03      	BTFSS      STATUS, 2
0x01A7	0x29AA      	GOTO       L__main79
0x01A8	0x3001      	MOVLW      1
0x01A9	0x0624      	XORWF      _x, 0
L__main79:
0x01AA	0x1D03      	BTFSS      STATUS, 2
0x01AB	0x29FA      	GOTO       L_main47
0x01AC	0x3000      	MOVLW      0
0x01AD	0x062D      	XORWF      _zz+1, 0
0x01AE	0x1D03      	BTFSS      STATUS, 2
0x01AF	0x29B2      	GOTO       L__main80
0x01B0	0x3001      	MOVLW      1
0x01B1	0x062C      	XORWF      _zz, 0
L__main80:
0x01B2	0x1D03      	BTFSS      STATUS, 2
0x01B3	0x29FA      	GOTO       L_main47
L__main61:
;MyProject.c,149 :: 		for(y=3 ;y>0 ;y--)
0x01B4	0x3003      	MOVLW      3
0x01B5	0x00A6      	MOVWF      _y
0x01B6	0x3000      	MOVLW      0
0x01B7	0x00A7      	MOVWF      _y+1
L_main48:
0x01B8	0x3080      	MOVLW      128
0x01B9	0x00F0      	MOVWF      R0
0x01BA	0x3080      	MOVLW      128
0x01BB	0x0627      	XORWF      _y+1, 0
0x01BC	0x0270      	SUBWF      R0, 0
0x01BD	0x1D03      	BTFSS      STATUS, 2
0x01BE	0x29C1      	GOTO       L__main81
0x01BF	0x0826      	MOVF       _y, 0
0x01C0	0x3C00      	SUBLW      0
L__main81:
0x01C1	0x1803      	BTFSC      STATUS, 0
0x01C2	0x29E6      	GOTO       L_main49
;MyProject.c,151 :: 		portb.f1=1 ;
0x01C3	0x1486      	BSF        PORTB, 1
;MyProject.c,152 :: 		portc =arr[y] ; portd=0 ;
0x01C4	0x0826      	MOVF       _y, 0
0x01C5	0x00F0      	MOVWF      R0
0x01C6	0x0827      	MOVF       _y+1, 0
0x01C7	0x00F1      	MOVWF      R0+1
0x01C8	0x0DF0      	RLF        R0, 1
0x01C9	0x0DF1      	RLF        R0+1, 1
0x01CA	0x1070      	BCF        R0, 0
0x01CB	0x0870      	MOVF       R0, 0
0x01CC	0x3E2E      	ADDLW      _arr
0x01CD	0x0084      	MOVWF      FSR
0x01CE	0x0800      	MOVF       INDF, 0
0x01CF	0x0087      	MOVWF      PORTC
0x01D0	0x0188      	CLRF       PORTD
;MyProject.c,153 :: 		portb.f3=1 ;   portb.f4=0 ;
0x01D1	0x1586      	BSF        PORTB, 3
0x01D2	0x1206      	BCF        PORTB, 4
;MyProject.c,154 :: 		ds ;
0x01D3	0x300B      	MOVLW      11
0x01D4	0x00FB      	MOVWF      R11
0x01D5	0x3026      	MOVLW      38
0x01D6	0x00FC      	MOVWF      R12
0x01D7	0x305D      	MOVLW      93
0x01D8	0x00FD      	MOVWF      R13
L_main51:
0x01D9	0x0BFD      	DECFSZ     R13, 1
0x01DA	0x29D9      	GOTO       L_main51
0x01DB	0x0BFC      	DECFSZ     R12, 1
0x01DC	0x29D9      	GOTO       L_main51
0x01DD	0x0BFB      	DECFSZ     R11, 1
0x01DE	0x29D9      	GOTO       L_main51
0x01DF	0x0000      	NOP
0x01E0	0x0000      	NOP
;MyProject.c,149 :: 		for(y=3 ;y>0 ;y--)
0x01E1	0x3001      	MOVLW      1
0x01E2	0x02A6      	SUBWF      _y, 1
0x01E3	0x1C03      	BTFSS      STATUS, 0
0x01E4	0x03A7      	DECF       _y+1, 1
;MyProject.c,155 :: 		}
0x01E5	0x29B8      	GOTO       L_main48
L_main49:
;MyProject.c,156 :: 		portb.f1=0 ;
0x01E6	0x1086      	BCF        PORTB, 1
;MyProject.c,157 :: 		portb.f3=0 ; portb.f2=1 ;
0x01E7	0x1186      	BCF        PORTB, 3
0x01E8	0x1506      	BSF        PORTB, 2
;MyProject.c,158 :: 		portb.f5=0 ; portb.f7=1 ;
0x01E9	0x1286      	BCF        PORTB, 5
0x01EA	0x1786      	BSF        PORTB, 7
;MyProject.c,159 :: 		i= 15 ; j =12 ;  c1=2 ; c2=0 ;
0x01EB	0x300F      	MOVLW      15
0x01EC	0x00A0      	MOVWF      _i
0x01ED	0x3000      	MOVLW      0
0x01EE	0x00A1      	MOVWF      _i+1
0x01EF	0x300C      	MOVLW      12
0x01F0	0x00A2      	MOVWF      _j
0x01F1	0x3000      	MOVLW      0
0x01F2	0x00A3      	MOVWF      _j+1
0x01F3	0x3002      	MOVLW      2
0x01F4	0x00A8      	MOVWF      _c1
0x01F5	0x3000      	MOVLW      0
0x01F6	0x00A9      	MOVWF      _c1+1
0x01F7	0x01AA      	CLRF       _c2
0x01F8	0x01AB      	CLRF       _c2+1
;MyProject.c,160 :: 		}
0x01F9	0x2A4F      	GOTO       L_main52
L_main47:
;MyProject.c,161 :: 		else if(x==2 && zz==1)
0x01FA	0x3000      	MOVLW      0
0x01FB	0x0625      	XORWF      _x+1, 0
0x01FC	0x1D03      	BTFSS      STATUS, 2
0x01FD	0x2A00      	GOTO       L__main82
0x01FE	0x3002      	MOVLW      2
0x01FF	0x0624      	XORWF      _x, 0
L__main82:
0x0200	0x1D03      	BTFSS      STATUS, 2
0x0201	0x2A4F      	GOTO       L_main55
0x0202	0x3000      	MOVLW      0
0x0203	0x062D      	XORWF      _zz+1, 0
0x0204	0x1D03      	BTFSS      STATUS, 2
0x0205	0x2A08      	GOTO       L__main83
0x0206	0x3001      	MOVLW      1
0x0207	0x062C      	XORWF      _zz, 0
L__main83:
0x0208	0x1D03      	BTFSS      STATUS, 2
0x0209	0x2A4F      	GOTO       L_main55
L__main60:
;MyProject.c,163 :: 		for(y=3 ;y>0 ;y--)  {
0x020A	0x3003      	MOVLW      3
0x020B	0x00A6      	MOVWF      _y
0x020C	0x3000      	MOVLW      0
0x020D	0x00A7      	MOVWF      _y+1
L_main56:
0x020E	0x3080      	MOVLW      128
0x020F	0x00F0      	MOVWF      R0
0x0210	0x3080      	MOVLW      128
0x0211	0x0627      	XORWF      _y+1, 0
0x0212	0x0270      	SUBWF      R0, 0
0x0213	0x1D03      	BTFSS      STATUS, 2
0x0214	0x2A17      	GOTO       L__main84
0x0215	0x0826      	MOVF       _y, 0
0x0216	0x3C00      	SUBLW      0
L__main84:
0x0217	0x1803      	BTFSC      STATUS, 0
0x0218	0x2A3C      	GOTO       L_main57
;MyProject.c,164 :: 		portb.f1=1 ;
0x0219	0x1486      	BSF        PORTB, 1
;MyProject.c,165 :: 		portc =0 ; portd=arr[y] ;
0x021A	0x0187      	CLRF       PORTC
0x021B	0x0826      	MOVF       _y, 0
0x021C	0x00F0      	MOVWF      R0
0x021D	0x0827      	MOVF       _y+1, 0
0x021E	0x00F1      	MOVWF      R0+1
0x021F	0x0DF0      	RLF        R0, 1
0x0220	0x0DF1      	RLF        R0+1, 1
0x0221	0x1070      	BCF        R0, 0
0x0222	0x0870      	MOVF       R0, 0
0x0223	0x3E2E      	ADDLW      _arr
0x0224	0x0084      	MOVWF      FSR
0x0225	0x0800      	MOVF       INDF, 0
0x0226	0x0088      	MOVWF      PORTD
;MyProject.c,166 :: 		portb.f6=1 ; portb.f7=0 ;
0x0227	0x1706      	BSF        PORTB, 6
0x0228	0x1386      	BCF        PORTB, 7
;MyProject.c,167 :: 		ds ;
0x0229	0x300B      	MOVLW      11
0x022A	0x00FB      	MOVWF      R11
0x022B	0x3026      	MOVLW      38
0x022C	0x00FC      	MOVWF      R12
0x022D	0x305D      	MOVLW      93
0x022E	0x00FD      	MOVWF      R13
L_main59:
0x022F	0x0BFD      	DECFSZ     R13, 1
0x0230	0x2A2F      	GOTO       L_main59
0x0231	0x0BFC      	DECFSZ     R12, 1
0x0232	0x2A2F      	GOTO       L_main59
0x0233	0x0BFB      	DECFSZ     R11, 1
0x0234	0x2A2F      	GOTO       L_main59
0x0235	0x0000      	NOP
0x0236	0x0000      	NOP
;MyProject.c,163 :: 		for(y=3 ;y>0 ;y--)  {
0x0237	0x3001      	MOVLW      1
0x0238	0x02A6      	SUBWF      _y, 1
0x0239	0x1C03      	BTFSS      STATUS, 0
0x023A	0x03A7      	DECF       _y+1, 1
;MyProject.c,168 :: 		}
0x023B	0x2A0E      	GOTO       L_main56
L_main57:
;MyProject.c,169 :: 		portb.f1=0 ;
0x023C	0x1086      	BCF        PORTB, 1
;MyProject.c,170 :: 		portb.f2=0 ; portb.f6=0 ;
0x023D	0x1106      	BCF        PORTB, 2
0x023E	0x1306      	BCF        PORTB, 6
;MyProject.c,171 :: 		portb.f4=1 ; portb.f5=1 ;
0x023F	0x1606      	BSF        PORTB, 4
0x0240	0x1686      	BSF        PORTB, 5
;MyProject.c,172 :: 		i= 20 ; j =23 ; c1=0 ; c2=2 ;
0x0241	0x3014      	MOVLW      20
0x0242	0x00A0      	MOVWF      _i
0x0243	0x3000      	MOVLW      0
0x0244	0x00A1      	MOVWF      _i+1
0x0245	0x3017      	MOVLW      23
0x0246	0x00A2      	MOVWF      _j
0x0247	0x3000      	MOVLW      0
0x0248	0x00A3      	MOVWF      _j+1
0x0249	0x01A8      	CLRF       _c1
0x024A	0x01A9      	CLRF       _c1+1
0x024B	0x3002      	MOVLW      2
0x024C	0x00AA      	MOVWF      _c2
0x024D	0x3000      	MOVLW      0
0x024E	0x00AB      	MOVWF      _c2+1
;MyProject.c,173 :: 		}
L_main55:
L_main52:
;MyProject.c,174 :: 		}
0x024F	0x295C      	GOTO       L_main26
L_main27:
;MyProject.c,175 :: 		}
0x0250	0x2828      	GOTO       L_main0
;MyProject.c,176 :: 		}
L_end_main:
0x0251	0x2A51      	GOTO       $+0
; end of _main
0x0296	0x3020      	MOVLW      32
0x0297	0x0084      	MOVWF      FSR
0x0298	0x303E      	MOVLW      62
0x0299	0x1283      	BCF        STATUS, 5
0x029A	0x1303      	BCF        STATUS, 6
0x029B	0x00F0      	MOVWF      R0
0x029C	0x3057      	MOVLW      87
0x029D	0x00DE      	MOVWF      ___DoICPAddr
0x029E	0x3002      	MOVLW      2
0x029F	0x00DF      	MOVWF      95
0x02A0	0x200A      	CALL       10
0x02A1	0x0008      	RETURN
;MyProject.c,0 :: ?ICS_i
0x0257	0x3414 ;?ICS_i+0
0x0258	0x3400 ;?ICS_i+1
; end of ?ICS_i
;MyProject.c,0 :: ?ICS_j
0x0259	0x3417 ;?ICS_j+0
0x025A	0x3400 ;?ICS_j+1
; end of ?ICS_j
;MyProject.c,0 :: ?ICS_x
0x025B	0x3400 ;?ICS_x+0
0x025C	0x3400 ;?ICS_x+1
; end of ?ICS_x
;MyProject.c,0 :: ?ICS_y
0x025D	0x3400 ;?ICS_y+0
0x025E	0x3400 ;?ICS_y+1
; end of ?ICS_y
;MyProject.c,0 :: ?ICS_c1
0x025F	0x3400 ;?ICS_c1+0
0x0260	0x3400 ;?ICS_c1+1
; end of ?ICS_c1
;MyProject.c,0 :: ?ICS_c2
0x0261	0x3402 ;?ICS_c2+0
0x0262	0x3400 ;?ICS_c2+1
; end of ?ICS_c2
;MyProject.c,0 :: ?ICS_zz
0x0263	0x3400 ;?ICS_zz+0
0x0264	0x3400 ;?ICS_zz+1
; end of ?ICS_zz
;MyProject.c,0 :: ?ICS_arr
0x0265	0x3400 ;?ICS_arr+0
0x0266	0x3400 ;?ICS_arr+1
0x0267	0x3401 ;?ICS_arr+2
0x0268	0x3400 ;?ICS_arr+3
0x0269	0x3402 ;?ICS_arr+4
0x026A	0x3400 ;?ICS_arr+5
0x026B	0x3403 ;?ICS_arr+6
0x026C	0x3400 ;?ICS_arr+7
0x026D	0x3404 ;?ICS_arr+8
0x026E	0x3400 ;?ICS_arr+9
0x026F	0x3405 ;?ICS_arr+10
0x0270	0x3400 ;?ICS_arr+11
0x0271	0x3406 ;?ICS_arr+12
0x0272	0x3400 ;?ICS_arr+13
0x0273	0x3407 ;?ICS_arr+14
0x0274	0x3400 ;?ICS_arr+15
0x0275	0x3408 ;?ICS_arr+16
0x0276	0x3400 ;?ICS_arr+17
0x0277	0x3409 ;?ICS_arr+18
0x0278	0x3400 ;?ICS_arr+19
0x0279	0x3410 ;?ICS_arr+20
0x027A	0x3400 ;?ICS_arr+21
0x027B	0x3411 ;?ICS_arr+22
0x027C	0x3400 ;?ICS_arr+23
0x027D	0x3412 ;?ICS_arr+24
0x027E	0x3400 ;?ICS_arr+25
0x027F	0x3413 ;?ICS_arr+26
0x0280	0x3400 ;?ICS_arr+27
0x0281	0x3414 ;?ICS_arr+28
0x0282	0x3400 ;?ICS_arr+29
0x0283	0x3415 ;?ICS_arr+30
0x0284	0x3400 ;?ICS_arr+31
0x0285	0x3416 ;?ICS_arr+32
0x0286	0x3400 ;?ICS_arr+33
0x0287	0x3417 ;?ICS_arr+34
0x0288	0x3400 ;?ICS_arr+35
0x0289	0x3418 ;?ICS_arr+36
0x028A	0x3400 ;?ICS_arr+37
0x028B	0x3419 ;?ICS_arr+38
0x028C	0x3400 ;?ICS_arr+39
0x028D	0x3420 ;?ICS_arr+40
0x028E	0x3400 ;?ICS_arr+41
0x028F	0x3421 ;?ICS_arr+42
0x0290	0x3400 ;?ICS_arr+43
0x0291	0x3422 ;?ICS_arr+44
0x0292	0x3400 ;?ICS_arr+45
0x0293	0x3423 ;?ICS_arr+46
0x0294	0x3400 ;?ICS_arr+47
; end of ?ICS_arr
Symbol List:
//** Routines locations **
//ADDRESS    SIZE    PROCEDURE
//----------------------------------------------
0x0003       [7]    _____DoICP
0x000A      [12]    ___CC2DW
0x0016      [16]    _start
0x0026     [555]    _main
//** Variables locations ** 
//ADDRESS    SIZE    VARIABLE
//----------------------------------------------
0x0000       [1]    INDF
0x0002       [1]    PCL
0x0003       [1]    STATUS
0x0004       [1]    FSR
0x0005       [1]    PORTA
0x0006       [1]    PORTB
0x0007       [1]    PORTC
0x0008       [1]    PORTD
0x000A       [1]    PCLATH
0x0020       [2]    _i
0x0022       [2]    _j
0x0024       [2]    _x
0x0026       [2]    _y
0x0028       [2]    _c1
0x002A       [2]    _c2
0x002C       [2]    _zz
0x002E      [48]    _arr
0x005E       [2]    ___DoICPAddr
0x0070       [1]    R0
0x0071       [1]    R1
0x0072       [1]    R2
0x0073       [1]    R3
0x0074       [1]    R4
0x0075       [1]    R5
0x0076       [1]    R6
0x0077       [1]    R7
0x0078       [1]    R8
0x0079       [1]    R9
0x007A       [1]    R10
0x007B       [1]    R11
0x007C       [1]    R12
0x007D       [1]    R13
0x007E       [1]    R14
0x007F       [1]    R15
0x0085       [1]    TRISA
0x0086       [1]    TRISB
0x0087       [1]    TRISC
0x0088       [1]    TRISD
//** Constants locations ** 
//ADDRESS    SIZE    CONSTANT
//----------------------------------------------
0x0257       [2]    ?ICS_i
0x0259       [2]    ?ICS_j
0x025B       [2]    ?ICS_x
0x025D       [2]    ?ICS_y
0x025F       [2]    ?ICS_c1
0x0261       [2]    ?ICS_c2
0x0263       [2]    ?ICS_zz
0x0265      [48]    ?ICS_arr
//** Label List: ** 
//----------------------------------------------
  L_main0
  L_main1
  L_main2
  L_main3
  L_main4
  L_main5
  L_main6
  L_main7
  L_main8
  L_main9
  L_main10
  L_main11
  L_main12
  L_main13
  L_main14
  L_main15
  L_main16
  L_main17
  L_main18
  L_main19
  L_main20
  L_main21
  L_main22
  L_main23
  L_main24
  L_main25
  L_main26
  L_main27
  L_main28
  L_main29
  L_main30
  L_main31
  L_main32
  L_main33
  L_main34
  L_main35
  L_main36
  L_main37
  L_main38
  L_main39
  L_main40
  L_main41
  L_main42
  L_main43
  L_main44
  L_main45
  L_main46
  L_main47
  L_main48
  L_main49
  L_main50
  L_main51
  L_main52
  L_main53
  L_main54
  L_main55
  L_main56
  L_main57
  L_main58
  L_main59
  L__main60
  L__main61
  L__main62
  L__main63
  L__main64
  L__main65
  L__main66
  L_end_start
  _start
  L_end_main
  _main
  L__main69
  L__main70
  L__main71
  L__main72
  L__main73
  L__main74
  L__main75
  L__main76
  L__main77
  L__main78
  L__main79
  L__main80
  L__main81
  L__main82
  L__main83
  L__main84
  L_loopCA2AWs
  L_CA2AWend
  _CCA2AW_Loop1
  L_loopCS2Ss
  L_CS2Send
  _CCS2S_Loop1
  L_CCS2Send
  L_loopFZinSWs
  L_FZinSend
  _CC2D_Loop1
  L_end_____DoICP
  _____DoICP
  L_end_____DoIFC
  _____DoIFC
  L_end___CA2AW
  ___CA2AW
  L_end___CCA2AW
  ___CCA2AW
  L_end___CS2S
  ___CS2S
  L_end___CCS2S
  ___CCS2S
  L_end___FZinS
  ___FZinS
  L_end___CC2DW
  ___CC2DW
  L_end_Swap
  _Swap
